2018-03-12 15:09:44,010 INFO o.a.j.u.JMeterUtils: Setting Locale to en_US
2018-03-12 15:09:44,018 INFO o.a.j.JMeter: Loading user properties from: /home/eitang/WorkStuff/TestManager/apache-jmeter-3.3/bin/user.properties
2018-03-12 15:09:44,018 INFO o.a.j.JMeter: Loading system properties from: /home/eitang/WorkStuff/TestManager/apache-jmeter-3.3/bin/system.properties
2018-03-12 15:09:44,022 INFO o.a.j.JMeter: Copyright (c) 1998-2017 The Apache Software Foundation
2018-03-12 15:09:44,022 INFO o.a.j.JMeter: Version 3.3 r1808647
2018-03-12 15:09:44,022 INFO o.a.j.JMeter: java.version=1.8.0_151
2018-03-12 15:09:44,022 INFO o.a.j.JMeter: java.vm.name=OpenJDK 64-Bit Server VM
2018-03-12 15:09:44,022 INFO o.a.j.JMeter: os.name=Linux
2018-03-12 15:09:44,022 INFO o.a.j.JMeter: os.arch=amd64
2018-03-12 15:09:44,022 INFO o.a.j.JMeter: os.version=4.4.0-116-generic
2018-03-12 15:09:44,022 INFO o.a.j.JMeter: file.encoding=UTF-8
2018-03-12 15:09:44,022 INFO o.a.j.JMeter: Max memory     =536870912
2018-03-12 15:09:44,022 INFO o.a.j.JMeter: Available Processors =8
2018-03-12 15:09:44,025 INFO o.a.j.JMeter: Default Locale=English (United States)
2018-03-12 15:09:44,025 INFO o.a.j.JMeter: JMeter  Locale=English (United States)
2018-03-12 15:09:44,025 INFO o.a.j.JMeter: JMeterHome=/home/eitang/WorkStuff/TestManager/apache-jmeter-3.3
2018-03-12 15:09:44,025 INFO o.a.j.JMeter: user.dir  =/home/eitang/WorkStuff/TestManager/system-tests/run_files
2018-03-12 15:09:44,026 INFO o.a.j.JMeter: PWD       =/home/eitang/WorkStuff/TestManager/system-tests/run_files
2018-03-12 15:09:44,026 INFO o.a.j.JMeter: IP: 127.0.1.1 Name: ubuntu-eitang-ww FullName: ubuntu-eitang-ww
2018-03-12 15:09:44,027 INFO o.a.j.JMeter: Setting property 'jmeter.reportgenerator.outputdir' to:'/home/eitang/WorkStuff/TestManager/system-tests/run_files/results/dashboards/TID_115_max num of algo retries'
2018-03-12 15:09:44,028 INFO o.a.j.s.FileServer: Default base='/home/eitang/WorkStuff/TestManager/system-tests/run_files'
2018-03-12 15:09:44,028 INFO o.a.j.s.FileServer: Set new base='/home/eitang/WorkStuff/TestManager/system-tests/run_files/../tests/TID'
2018-03-12 15:09:44,121 INFO o.a.j.s.SaveService: Testplan (JMX) version: 2.2. Testlog (JTL) version: 2.2
2018-03-12 15:09:44,131 INFO o.a.j.s.SaveService: Using SaveService properties file encoding UTF-8
2018-03-12 15:09:44,134 INFO o.a.j.s.SaveService: Using SaveService properties version 3.2
2018-03-12 15:09:44,139 INFO o.a.j.s.SaveService: Loading file: ../tests/TID/TID_115_max num of algo retries.jmx
2018-03-12 15:09:44,183 INFO o.a.j.p.h.s.HTTPSamplerBase: Parser for text/html is org.apache.jmeter.protocol.http.parser.LagartoBasedHtmlParser
2018-03-12 15:09:44,183 INFO o.a.j.p.h.s.HTTPSamplerBase: Parser for application/xhtml+xml is org.apache.jmeter.protocol.http.parser.LagartoBasedHtmlParser
2018-03-12 15:09:44,183 INFO o.a.j.p.h.s.HTTPSamplerBase: Parser for application/xml is org.apache.jmeter.protocol.http.parser.LagartoBasedHtmlParser
2018-03-12 15:09:44,183 INFO o.a.j.p.h.s.HTTPSamplerBase: Parser for text/xml is org.apache.jmeter.protocol.http.parser.LagartoBasedHtmlParser
2018-03-12 15:09:44,183 INFO o.a.j.p.h.s.HTTPSamplerBase: Parser for text/vnd.wap.wml is org.apache.jmeter.protocol.http.parser.RegexpHTMLParser
2018-03-12 15:09:44,183 INFO o.a.j.p.h.s.HTTPSamplerBase: Parser for text/css is org.apache.jmeter.protocol.http.parser.CssParser
2018-03-12 15:09:44,489 INFO o.a.j.c.IncludeController: loadIncludedElements -- try to load included module: /home/eitang/WorkStuff/TestManager/system-tests/run_files/../tf_assert expected actual.jmx
2018-03-12 15:09:44,489 INFO o.a.j.c.IncludeController: loadIncludedElements -failed for: /home/eitang/WorkStuff/TestManager/system-tests/run_files/../tf_assert expected actual.jmx
2018-03-12 15:09:44,489 INFO o.a.j.c.IncludeController: loadIncludedElements -Attempting to read it from: /home/eitang/WorkStuff/TestManager/system-tests/run_files/../tests/TID/../tf_assert expected actual.jmx
2018-03-12 15:09:44,489 INFO o.a.j.s.SaveService: Loading file: /home/eitang/WorkStuff/TestManager/system-tests/run_files/../tests/TID/../tf_assert expected actual.jmx
2018-03-12 15:09:44,495 INFO o.a.j.JMeter: Creating summariser <summary>
2018-03-12 15:09:44,499 INFO o.a.j.r.d.ReportGenerator: ReportGenerator will use for Parsing the separator: ','
2018-03-12 15:09:44,499 INFO o.a.j.r.d.ReportGenerator: Will generate report at end of test from  results file: results/TID_115_max num of algo retries.jtl
2018-03-12 15:09:44,499 INFO o.a.j.r.d.ReportGenerator: Reading report generator properties from: /home/eitang/WorkStuff/TestManager/apache-jmeter-3.3/bin/reportgenerator.properties
2018-03-12 15:09:44,499 INFO o.a.j.r.d.ReportGenerator: Merging with JMeter properties
2018-03-12 15:09:44,503 INFO o.a.j.r.c.ReportGeneratorConfiguration: Property 'jmeter.reportgenerator.temp_dir' not found, using default value 'temp' instead.
2018-03-12 15:09:44,504 INFO o.a.j.r.c.ReportGeneratorConfiguration: Property 'jmeter.reportgenerator.apdex_per_transaction' not found, using default value 'null' instead.
2018-03-12 15:09:44,504 INFO o.a.j.r.c.ReportGeneratorConfiguration: apdex_per_transaction : {} is empty, not APDEX per transaction customization
2018-03-12 15:09:44,505 INFO o.a.j.r.c.ReportGeneratorConfiguration: Property 'jmeter.reportgenerator.sample_filter' not found, using default value 'null' instead.
2018-03-12 15:09:44,505 INFO o.a.j.r.c.ReportGeneratorConfiguration: Property 'jmeter.reportgenerator.report_title' not found, using default value 'null' instead.
2018-03-12 15:09:44,505 INFO o.a.j.r.c.ReportGeneratorConfiguration: Property 'jmeter.reportgenerator.start_date' not found, using default value 'null' instead.
2018-03-12 15:09:44,505 INFO o.a.j.r.c.ReportGeneratorConfiguration: Property 'jmeter.reportgenerator.end_date' not found, using default value 'null' instead.
2018-03-12 15:09:44,505 INFO o.a.j.r.c.ReportGeneratorConfiguration: Property 'jmeter.reportgenerator.date_format' not found, using default value 'null' instead.
2018-03-12 15:09:44,505 INFO o.a.j.r.c.ReportGeneratorConfiguration: Will use date range start date: null, end date: null
2018-03-12 15:09:44,508 INFO o.a.j.r.c.ReportGeneratorConfiguration: Property 'jmeter.reportgenerator.graph.activeThreadsOverTime.exclude_controllers' not found, using default value 'false' instead.
2018-03-12 15:09:44,509 INFO o.a.j.r.c.ReportGeneratorConfiguration: Property 'jmeter.reportgenerator.graph.timeVsThreads.exclude_controllers' not found, using default value 'false' instead.
2018-03-12 15:09:44,509 INFO o.a.j.r.c.ReportGeneratorConfiguration: Property 'jmeter.reportgenerator.graph.responseTimeDistribution.exclude_controllers' not found, using default value 'false' instead.
2018-03-12 15:09:44,509 INFO o.a.j.r.c.ReportGeneratorConfiguration: Property 'jmeter.reportgenerator.graph.transactionsPerSecond.exclude_controllers' not found, using default value 'false' instead.
2018-03-12 15:09:44,509 INFO o.a.j.r.c.ReportGeneratorConfiguration: Property 'jmeter.reportgenerator.graph.responseTimePercentiles.exclude_controllers' not found, using default value 'false' instead.
2018-03-12 15:09:44,509 INFO o.a.j.r.c.ReportGeneratorConfiguration: Property 'jmeter.reportgenerator.graph.responseTimePercentilesOverTime.exclude_controllers' not found, using default value 'false' instead.
2018-03-12 15:09:44,509 INFO o.a.j.r.c.ReportGeneratorConfiguration: Property 'jmeter.reportgenerator.graph.responseTimesOverTime.exclude_controllers' not found, using default value 'false' instead.
2018-03-12 15:09:44,509 INFO o.a.j.r.c.ReportGeneratorConfiguration: Property 'jmeter.reportgenerator.graph.connectTimeOverTime.exclude_controllers' not found, using default value 'false' instead.
2018-03-12 15:09:44,510 INFO o.a.j.r.c.ReportGeneratorConfiguration: Property 'jmeter.reportgenerator.graph.latenciesOverTime.exclude_controllers' not found, using default value 'false' instead.
2018-03-12 15:09:44,510 INFO o.a.j.r.c.ReportGeneratorConfiguration: Property 'jmeter.reportgenerator.exporter.html.filters_only_sample_series' not found, using default value 'true' instead.
2018-03-12 15:09:44,510 INFO o.a.j.r.c.ReportGeneratorConfiguration: Property 'jmeter.reportgenerator.exporter.html.series_filter' not found, using default value '' instead.
2018-03-12 15:09:44,510 INFO o.a.j.r.c.ReportGeneratorConfiguration: Property 'jmeter.reportgenerator.exporter.html.show_controllers_only' not found, using default value 'false' instead.
2018-03-12 15:09:44,514 INFO o.a.j.e.StandardJMeterEngine: Running the test!
2018-03-12 15:09:44,514 INFO o.a.j.s.SampleEvent: List of sample_variables: []
2018-03-12 15:09:44,514 INFO o.a.j.s.SampleEvent: List of sample_variables: []
2018-03-12 15:09:44,530 INFO o.a.j.e.u.CompoundVariable: Note: Function class names must contain the string: '.functions.'
2018-03-12 15:09:44,530 INFO o.a.j.e.u.CompoundVariable: Note: Function class names must not contain the string: '.gui.'
2018-03-12 15:09:44,716 INFO o.a.j.JMeter: Running test (1520860184716)
2018-03-12 15:09:44,746 INFO o.a.j.e.StandardJMeterEngine: Starting ThreadGroup: 1 : run stored
2018-03-12 15:09:44,746 INFO o.a.j.e.StandardJMeterEngine: Starting 1 threads for group run stored.
2018-03-12 15:09:44,746 INFO o.a.j.e.StandardJMeterEngine: Thread will stop on error
2018-03-12 15:09:44,746 INFO o.a.j.t.ThreadGroup: Starting thread group... number=1 threads=1 ramp-up=1 perThread=1000.0 delayedStart=false
2018-03-12 15:09:44,763 INFO o.a.j.t.ThreadGroup: Started thread group number 1
2018-03-12 15:09:44,763 INFO o.a.j.e.StandardJMeterEngine: All thread groups have been started
2018-03-12 15:09:44,770 INFO o.a.j.t.JMeterThread: Thread started: run stored 1-1
2018-03-12 15:09:44,772 INFO o.a.j.s.FileServer: Stored: ../../testConfigFiles/paths.csv
2018-03-12 15:09:44,773 INFO o.a.j.s.FileServer: Stored: ../../testConfigFiles/ipConfigs.csv
2018-03-12 15:09:44,792 INFO o.a.j.p.h.s.HTTPHCAbstractImpl: Local host = ubuntu-eitang-ww
2018-03-12 15:09:44,797 INFO o.a.j.p.h.s.HTTPHC4Impl: HTTP request retry count = 0
2018-03-12 15:09:44,804 INFO o.a.j.s.SampleResult: Note: Sample TimeStamps are START times
2018-03-12 15:09:44,804 INFO o.a.j.s.SampleResult: sampleresult.default.encoding is set to ISO-8859-1
2018-03-12 15:09:44,805 INFO o.a.j.s.SampleResult: sampleresult.useNanoTime=true
2018-03-12 15:09:44,805 INFO o.a.j.s.SampleResult: sampleresult.nanoThreadSleep=5000
2018-03-12 15:09:44,867 INFO o.a.j.p.h.s.LazySchemeSocketFactory: Setting up HTTPS TrustAll Socket Factory
2018-03-12 15:09:44,873 INFO o.a.j.u.JsseSSLManager: Using default SSL protocol: TLS
2018-03-12 15:09:44,873 INFO o.a.j.u.JsseSSLManager: SSL session context: per-thread
2018-03-12 15:09:44,960 INFO o.a.j.u.SSLManager: JmeterKeyStore Location:  type JKS
2018-03-12 15:09:44,960 INFO o.a.j.u.SSLManager: KeyStore created OK
2018-03-12 15:09:44,961 WARN o.a.j.u.SSLManager: Keystore file not found, loading empty keystore
2018-03-12 15:09:45,531 ERROR o.a.j.f.JavaScript: Error processing Javascript: [("${status}" == "active") && (${counter}<10)]

javax.script.ScriptException: <eval>:1:31 Expected ) but found {
("${status}" == "active") && (${counter}<10)
                               ^ in <eval> at line number 1 at column number 31
	at jdk.nashorn.api.scripting.NashornScriptEngine.throwAsScriptException(NashornScriptEngine.java:470) ~[nashorn.jar:?]
	at jdk.nashorn.api.scripting.NashornScriptEngine.compileImpl(NashornScriptEngine.java:537) ~[nashorn.jar:?]
	at jdk.nashorn.api.scripting.NashornScriptEngine.compileImpl(NashornScriptEngine.java:524) ~[nashorn.jar:?]
	at jdk.nashorn.api.scripting.NashornScriptEngine.evalImpl(NashornScriptEngine.java:402) ~[nashorn.jar:?]
	at jdk.nashorn.api.scripting.NashornScriptEngine.eval(NashornScriptEngine.java:155) ~[nashorn.jar:?]
	at org.apache.jmeter.functions.JavaScript.executeWithNashorn(JavaScript.java:142) [ApacheJMeter_functions.jar:3.3 r1808647]
	at org.apache.jmeter.functions.JavaScript.execute(JavaScript.java:103) [ApacheJMeter_functions.jar:3.3 r1808647]
	at org.apache.jmeter.engine.util.CompoundVariable.execute(CompoundVariable.java:137) [ApacheJMeter_core.jar:3.3 r1808647]
	at org.apache.jmeter.engine.util.CompoundVariable.execute(CompoundVariable.java:112) [ApacheJMeter_core.jar:3.3 r1808647]
	at org.apache.jmeter.testelement.property.FunctionProperty.getStringValue(FunctionProperty.java:101) [ApacheJMeter_core.jar:3.3 r1808647]
	at org.apache.jmeter.control.WhileController.getCondition(WhileController.java:124) [ApacheJMeter_core.jar:3.3 r1808647]
	at org.apache.jmeter.control.WhileController.endOfLoop(WhileController.java:56) [ApacheJMeter_core.jar:3.3 r1808647]
	at org.apache.jmeter.control.WhileController.next(WhileController.java:102) [ApacheJMeter_core.jar:3.3 r1808647]
	at org.apache.jmeter.control.GenericController.nextIsAController(GenericController.java:219) [ApacheJMeter_core.jar:3.3 r1808647]
	at org.apache.jmeter.control.GenericController.next(GenericController.java:173) [ApacheJMeter_core.jar:3.3 r1808647]
	at org.apache.jmeter.control.LoopController.next(LoopController.java:123) [ApacheJMeter_core.jar:3.3 r1808647]
	at org.apache.jmeter.threads.AbstractThreadGroup.next(AbstractThreadGroup.java:87) [ApacheJMeter_core.jar:3.3 r1808647]
	at org.apache.jmeter.threads.JMeterThread.run(JMeterThread.java:275) [ApacheJMeter_core.jar:3.3 r1808647]
	at java.lang.Thread.run(Thread.java:748) [?:1.8.0_151]
Caused by: jdk.nashorn.internal.runtime.ParserException: <eval>:1:31 Expected ) but found {
("${status}" == "active") && (${counter}<10)
                               ^
	at jdk.nashorn.internal.parser.AbstractParser.error(AbstractParser.java:294) ~[nashorn.jar:?]
	at jdk.nashorn.internal.parser.AbstractParser.error(AbstractParser.java:279) ~[nashorn.jar:?]
	at jdk.nashorn.internal.parser.AbstractParser.expectDontAdvance(AbstractParser.java:350) ~[nashorn.jar:?]
	at jdk.nashorn.internal.parser.AbstractParser.expect(AbstractParser.java:337) ~[nashorn.jar:?]
	at jdk.nashorn.internal.parser.Parser.primaryExpression(Parser.java:1994) ~[nashorn.jar:?]
	at jdk.nashorn.internal.parser.Parser.memberExpression(Parser.java:2511) ~[nashorn.jar:?]
	at jdk.nashorn.internal.parser.Parser.leftHandSideExpression(Parser.java:2372) ~[nashorn.jar:?]
	at jdk.nashorn.internal.parser.Parser.unaryExpression(Parser.java:3147) ~[nashorn.jar:?]
	at jdk.nashorn.internal.parser.Parser.expression(Parser.java:3325) ~[nashorn.jar:?]
	at jdk.nashorn.internal.parser.Parser.expression(Parser.java:3282) ~[nashorn.jar:?]
	at jdk.nashorn.internal.parser.Parser.expressionStatement(Parser.java:1150) ~[nashorn.jar:?]
	at jdk.nashorn.internal.parser.Parser.statement(Parser.java:967) ~[nashorn.jar:?]
	at jdk.nashorn.internal.parser.Parser.sourceElements(Parser.java:773) ~[nashorn.jar:?]
	at jdk.nashorn.internal.parser.Parser.program(Parser.java:709) ~[nashorn.jar:?]
	at jdk.nashorn.internal.parser.Parser.parse(Parser.java:283) ~[nashorn.jar:?]
	at jdk.nashorn.internal.parser.Parser.parse(Parser.java:249) ~[nashorn.jar:?]
	at jdk.nashorn.internal.runtime.Context.compile(Context.java:1284) ~[nashorn.jar:?]
	at jdk.nashorn.internal.runtime.Context.compileScript(Context.java:1251) ~[nashorn.jar:?]
	at jdk.nashorn.internal.runtime.Context.compileScript(Context.java:627) ~[nashorn.jar:?]
	at jdk.nashorn.api.scripting.NashornScriptEngine.compileImpl(NashornScriptEngine.java:535) ~[nashorn.jar:?]
	... 17 more
2018-03-12 15:10:56,264 WARN o.a.j.t.JSR223Timer: Script did not return a value
2018-03-12 15:12:02,129 INFO o.a.j.r.Summariser: summary +      5 in 00:02:17 =    0.0/s Avg:   381 Min:    90 Max:   647 Err:     0 (0.00%) Active: 1 Started: 1 Finished: 0
2018-03-12 15:12:07,247 WARN o.a.j.t.JSR223Timer: Script did not return a value
2018-03-12 15:13:18,135 WARN o.a.j.t.JSR223Timer: Script did not return a value
2018-03-12 15:14:28,865 WARN o.a.j.t.JSR223Timer: Script did not return a value
2018-03-12 15:15:34,760 INFO o.a.j.r.Summariser: summary +      9 in 00:03:33 =    0.0/s Avg:   276 Min:    85 Max:   467 Err:     0 (0.00%) Active: 1 Started: 1 Finished: 0
2018-03-12 15:15:34,761 INFO o.a.j.r.Summariser: summary =     14 in 00:05:50 =    0.0/s Avg:   313 Min:    85 Max:   647 Err:     0 (0.00%)
2018-03-12 15:15:39,776 WARN o.a.j.t.JSR223Timer: Script did not return a value
2018-03-12 15:16:50,613 WARN o.a.j.t.JSR223Timer: Script did not return a value
2018-03-12 15:18:01,419 WARN o.a.j.t.JSR223Timer: Script did not return a value
2018-03-12 15:18:01,808 INFO o.a.j.r.Summariser: summary +      5 in 00:02:27 =    0.0/s Avg:   388 Min:   383 Max:   397 Err:     0 (0.00%) Active: 1 Started: 1 Finished: 0
2018-03-12 15:18:01,808 INFO o.a.j.r.Summariser: summary =     19 in 00:08:17 =    0.0/s Avg:   333 Min:    85 Max:   647 Err:     0 (0.00%)
2018-03-12 15:19:12,220 WARN o.a.j.t.JSR223Timer: Script did not return a value
2018-03-12 15:20:23,053 WARN o.a.j.t.JSR223Timer: Script did not return a value
2018-03-12 15:21:33,888 WARN o.a.j.t.JSR223Timer: Script did not return a value
2018-03-12 15:21:34,283 INFO o.a.j.r.Summariser: summary +      6 in 00:03:32 =    0.0/s Avg:   390 Min:   382 Max:   395 Err:     1 (16.67%) Active: 1 Started: 1 Finished: 0
2018-03-12 15:21:34,283 INFO o.a.j.r.Summariser: summary =     25 in 00:11:50 =    0.0/s Avg:   347 Min:    85 Max:   647 Err:     1 (4.00%)
2018-03-12 15:21:34,284 INFO o.a.j.t.JMeterThread: Stop Thread detected by thread: run stored 1-1
2018-03-12 15:21:34,296 INFO o.a.j.t.JMeterThread: Thread finished: run stored 1-1
2018-03-12 15:21:34,297 INFO o.a.j.e.StandardJMeterEngine: Notifying test listeners of end of test
2018-03-12 15:21:34,297 INFO o.a.j.s.FileServer: Close: ../../testConfigFiles/paths.csv
2018-03-12 15:21:34,297 INFO o.a.j.s.FileServer: Close: ../../testConfigFiles/ipConfigs.csv
2018-03-12 15:21:34,298 INFO o.a.j.r.Summariser: summary =     25 in 00:11:50 =    0.0/s Avg:   347 Min:    85 Max:   647 Err:     1 (4.00%)
2018-03-12 15:21:34,298 INFO o.a.j.JMeter: Generating Dashboard
2018-03-12 15:21:34,298 INFO o.a.j.r.d.ReportGenerator: Flushing result collector before report Generation
2018-03-12 15:21:34,307 INFO o.a.j.r.p.NormalizerSampleConsumer: Using format, 'ms', to parse timeStamp field
2018-03-12 15:21:34,359 INFO o.a.j.r.p.AbstractSampleConsumer: class org.apache.jmeter.report.processor.AggregateConsumer#stopProducing(): beginDate produced 0 samples
2018-03-12 15:21:34,359 INFO o.a.j.r.p.AbstractSampleConsumer: class org.apache.jmeter.report.processor.AggregateConsumer#stopProducing(): endDate produced 0 samples
2018-03-12 15:21:34,359 INFO o.a.j.r.p.AbstractSampleConsumer: class org.apache.jmeter.report.processor.ApdexSummaryConsumer#stopProducing(): apdexSummary produced 0 samples
2018-03-12 15:21:34,359 INFO o.a.j.r.p.AbstractSampleConsumer: class org.apache.jmeter.report.processor.RequestsSummaryConsumer#stopProducing(): requestsSummary produced 0 samples
2018-03-12 15:21:34,362 INFO o.a.j.r.p.AbstractSampleConsumer: class org.apache.jmeter.report.processor.StatisticsSummaryConsumer#stopProducing(): statisticsSummary produced 0 samples
2018-03-12 15:21:34,362 INFO o.a.j.r.p.AbstractSampleConsumer: class org.apache.jmeter.report.processor.Top5ErrorsBySamplerConsumer#stopProducing(): top5ErrorsBySampler produced 0 samples
2018-03-12 15:21:34,363 INFO o.a.j.r.p.AbstractSampleConsumer: class org.apache.jmeter.report.processor.ErrorsSummaryConsumer#stopProducing(): errorsSummary produced 0 samples
2018-03-12 15:21:34,363 INFO o.a.j.r.p.AbstractSampleConsumer: class org.apache.jmeter.report.processor.graph.impl.HitsPerSecondGraphConsumer#stopProducing(): hitsPerSecond produced 0 samples
2018-03-12 15:21:34,369 INFO o.a.j.r.p.AbstractSampleConsumer: class org.apache.jmeter.report.processor.graph.impl.LatencyVSRequestGraphConsumer#stopProducing(): latencyVsRequest produced 0 samples
2018-03-12 15:21:34,370 INFO o.a.j.r.p.AbstractSampleConsumer: class org.apache.jmeter.report.processor.graph.impl.SyntheticResponseTimeDistributionGraphConsumer#stopProducing(): syntheticResponseTimeDistribution produced 0 samples
2018-03-12 15:21:34,370 INFO o.a.j.r.p.AbstractSampleConsumer: class org.apache.jmeter.report.processor.graph.impl.BytesThroughputGraphConsumer#stopProducing(): bytesThroughputOverTime produced 0 samples
2018-03-12 15:21:34,370 INFO o.a.j.r.p.AbstractSampleConsumer: class org.apache.jmeter.report.processor.graph.impl.CodesPerSecondGraphConsumer#stopProducing(): codesPerSecond produced 0 samples
2018-03-12 15:21:34,371 INFO o.a.j.r.p.AbstractSampleConsumer: class org.apache.jmeter.report.processor.graph.impl.ResponseTimeVSRequestGraphConsumer#stopProducing(): responseTimeVsRequest produced 0 samples
2018-03-12 15:21:34,371 INFO o.a.j.r.p.AbstractSampleConsumer: class org.apache.jmeter.report.processor.FilterConsumer#stopProducing(): startIntervalControlerFilter produced 175 samples
2018-03-12 15:21:34,371 INFO o.a.j.r.p.AbstractSampleConsumer: class org.apache.jmeter.report.processor.graph.impl.ActiveThreadsGraphConsumer#stopProducing(): activeThreadsOverTime produced 0 samples
2018-03-12 15:21:34,371 INFO o.a.j.r.p.AbstractSampleConsumer: class org.apache.jmeter.report.processor.graph.impl.TimeVSThreadGraphConsumer#stopProducing(): timeVsThreads produced 0 samples
2018-03-12 15:21:34,372 INFO o.a.j.r.p.AbstractSampleConsumer: class org.apache.jmeter.report.processor.graph.impl.ResponseTimeDistributionGraphConsumer#stopProducing(): responseTimeDistribution produced 0 samples
2018-03-12 15:21:34,372 INFO o.a.j.r.p.AbstractSampleConsumer: class org.apache.jmeter.report.processor.graph.impl.TransactionsPerSecondGraphConsumer#stopProducing(): transactionsPerSecond produced 0 samples
2018-03-12 15:21:34,372 INFO o.a.j.r.p.AbstractSampleConsumer: class org.apache.jmeter.report.processor.graph.impl.ResponseTimePercentilesGraphConsumer#stopProducing(): responseTimePercentiles produced 0 samples
2018-03-12 15:21:34,373 INFO o.a.j.r.p.AbstractSampleConsumer: class org.apache.jmeter.report.processor.graph.impl.ResponseTimePercentilesOverTimeGraphConsumer#stopProducing(): responseTimePercentilesOverTime produced 0 samples
2018-03-12 15:21:34,374 INFO o.a.j.r.p.AbstractSampleConsumer: class org.apache.jmeter.report.processor.graph.impl.ResponseTimeOverTimeGraphConsumer#stopProducing(): responseTimesOverTime produced 0 samples
2018-03-12 15:21:34,374 INFO o.a.j.r.p.AbstractSampleConsumer: class org.apache.jmeter.report.processor.graph.impl.ConnectTimeOverTimeGraphConsumer#stopProducing(): connectTimeOverTime produced 0 samples
2018-03-12 15:21:34,374 INFO o.a.j.r.p.AbstractSampleConsumer: class org.apache.jmeter.report.processor.graph.impl.LatencyOverTimeGraphConsumer#stopProducing(): latenciesOverTime produced 0 samples
2018-03-12 15:21:34,374 INFO o.a.j.r.p.AbstractSampleConsumer: class org.apache.jmeter.report.processor.FilterConsumer#stopProducing(): nameFilter produced 350 samples
2018-03-12 15:21:34,374 INFO o.a.j.r.p.AbstractSampleConsumer: class org.apache.jmeter.report.processor.FilterConsumer#stopProducing(): dateRangeFilter produced 75 samples
2018-03-12 15:21:34,374 INFO o.a.j.r.p.AbstractSampleConsumer: class org.apache.jmeter.report.processor.NormalizerSampleConsumer#stopProducing(): normalizer produced 25 samples
2018-03-12 15:21:34,374 INFO o.a.j.r.p.CsvFileSampleSource: produce(): 25 samples produced in 49ms on channel 0
2018-03-12 15:21:34,375 INFO o.a.j.r.d.ReportGenerator: Exporting data using exporter:'html' of className:'org.apache.jmeter.report.dashboard.HtmlTemplateExporter'
2018-03-12 15:21:34,376 INFO o.a.j.r.d.HtmlTemplateExporter: Will generate dashboard in folder: /home/eitang/WorkStuff/TestManager/system-tests/run_files/results/dashboards/TID_115_max num of algo retries
2018-03-12 15:21:34,428 INFO o.a.j.r.d.HtmlTemplateExporter: Report will be generated in: /home/eitang/WorkStuff/TestManager/system-tests/run_files/results/dashboards/TID_115_max num of algo retries, creating folder structure
2018-03-12 15:21:34,594 INFO o.a.j.JMeter: Dashboard generated
